<?xml version="1.0" encoding="UTF-8"?>
<!-- Generated by org.testng.reporters.JUnitReportReporter -->
<testsuite skipped="0" hostname="DESKTOP-U3IDJJT" name="com.actitime.testscript.CustomerModuleProject2" tests="1" failures="0" timestamp="2023-04-01T15:43:10 IST" time="39.896" errors="0">
  <testcase name="testCreateCustomer" time="39.896" classname="com.actitime.testscript.CustomerModuleProject2"/>
  <system-out>
    <![CDATA[CreateCustomer]]>
  </system-out>
</testsuite> <!-- com.actitime.testscript.CustomerModuleProject2 -->
