<?xml version="1.0" encoding="UTF-8"?>
<!-- Generated by org.testng.reporters.JUnitReportReporter -->
<testsuite skipped="0" hostname="DESKTOP-U3IDJJT" name="com.actitime.testscript.CustomerModule" tests="3" failures="0" timestamp="2023-03-17T20:20:31 IST" time="0.021" errors="0">
  <testcase name="modifyCustomer" time="0.004" classname="com.actitime.testscript.CustomerModule"/>
  <system-out>
    <![CDATA[modifyCustomer]]>
  </system-out>
  <testcase name="createCustomer" time="0.015" classname="com.actitime.testscript.CustomerModule"/>
  <system-out>
    <![CDATA[createCustomer]]>
  </system-out>
  <testcase name="deleteCustomer" time="0.002" classname="com.actitime.testscript.CustomerModule"/>
  <system-out>
    <![CDATA[deleteCustomer]]>
  </system-out>
</testsuite> <!-- com.actitime.testscript.CustomerModule -->
