<?xml version="1.0" encoding="UTF-8"?>
<!-- Generated by org.testng.reporters.JUnitReportReporter -->
<testsuite skipped="0" hostname="DESKTOP-U3IDJJT" name="com.actitime.testscript.DemoTest" tests="1" failures="0" timestamp="2023-03-14T22:31:01 IST" time="0.002" errors="0">
  <testcase name="demo" time="0.002" classname="com.actitime.testscript.DemoTest"/>
  <system-out>
    <![CDATA[welcome]]>
  </system-out>
</testsuite> <!-- com.actitime.testscript.DemoTest -->
