<?xml version="1.0" encoding="UTF-8"?>
<!-- Generated by org.testng.reporters.JUnitReportReporter -->
<testsuite skipped="0" hostname="DESKTOP-U3IDJJT" name="com.actitime.testscript.VerifyTitleIfElse" tests="1" failures="0" timestamp="2023-03-15T07:56:10 IST" time="8.025" errors="0">
  <testcase name="VerifyTitle" time="8.025" classname="com.actitime.testscript.VerifyTitleIfElse"/>
  <system-out/>
</testsuite> <!-- com.actitime.testscript.VerifyTitleIfElse -->
