<?xml version="1.0" encoding="UTF-8"?>
<!-- Generated by org.testng.reporters.JUnitReportReporter -->
<testsuite skipped="0" hostname="DESKTOP-U3IDJJT" name="com.actitime.testscript.CustomerModule3" tests="2" failures="0" timestamp="2023-03-24T11:10:24 IST" time="0.011" errors="0">
  <testcase name="modifyCustomer" time="0.009" classname="com.actitime.testscript.CustomerModule3"/>
  <system-out>
    <![CDATA[modifyCustomer]]>
  </system-out>
  <testcase name="createCustomer" time="0.002" classname="com.actitime.testscript.CustomerModule3"/>
  <system-out>
    <![CDATA[createCustomer]]>
  </system-out>
</testsuite> <!-- com.actitime.testscript.CustomerModule3 -->
