<?xml version="1.0" encoding="UTF-8"?>
<!-- Generated by org.testng.reporters.JUnitReportReporter -->
<testsuite skipped="0" hostname="DESKTOP-U3IDJJT" name="com.actitime.testscript.CustomerModule5$CustomerModule" tests="1" failures="0" timestamp="2023-03-17T11:16:31 IST" time="0.013" errors="0">
  <testcase name="createCustomer" time="0.013" classname="com.actitime.testscript.CustomerModule5$CustomerModule"/>
  <system-out>
    <![CDATA[createCustomer]]>
  </system-out>
</testsuite> <!-- com.actitime.testscript.CustomerModule5$CustomerModule -->
