<?xml version="1.0" encoding="UTF-8"?>
<!-- Generated by org.testng.reporters.JUnitReportReporter -->
<testsuite skipped="0" hostname="DESKTOP-U3IDJJT" name="com.actitime.testscript.CustomerModule2" tests="2" failures="0" timestamp="2023-03-17T19:19:37 IST" time="0.031" errors="0">
  <testcase name="createCustomer" time="0.017" classname="com.actitime.testscript.CustomerModule2"/>
  <system-out>
    <![CDATA[createCustomer]]>
  </system-out>
  <testcase name="modifyCustomer" time="0.014" classname="com.actitime.testscript.CustomerModule2"/>
  <system-out>
    <![CDATA[modifyCustomer]]>
  </system-out>
</testsuite> <!-- com.actitime.testscript.CustomerModule2 -->
