<?xml version="1.0" encoding="UTF-8"?>
<!-- Generated by org.testng.reporters.JUnitReportReporter -->
<testsuite skipped="0" hostname="DESKTOP-U3IDJJT" name="com.actitime.testscript.TaskModule" tests="1" failures="0" timestamp="2023-04-11T08:00:07 IST" time="0.016" errors="0">
  <testcase name="createTask" time="0.016" classname="com.actitime.testscript.TaskModule"/>
  <system-out>
    <![CDATA[createTask]]>
  </system-out>
</testsuite> <!-- com.actitime.testscript.TaskModule -->
