<?xml version="1.0" encoding="UTF-8"?>
<!-- Generated by org.testng.reporters.JUnitReportReporter -->
<testsuite skipped="0" hostname="DESKTOP-U3IDJJT" name="com.actitime.pom.MainMethod1" tests="1" failures="0" timestamp="2023-03-24T08:16:55 IST" time="17.549" errors="0">
  <testcase name="validLogin" time="17.549" classname="com.actitime.pom.MainMethod1"/>
  <system-out/>
</testsuite> <!-- com.actitime.pom.MainMethod1 -->
