<?xml version="1.0" encoding="UTF-8"?>
<!-- Generated by org.testng.reporters.JUnitReportReporter -->
<testsuite skipped="0" hostname="DESKTOP-U3IDJJT" name="com.actitime.pom.TestMethod1" tests="1" failures="0" timestamp="2023-03-23T18:14:18 IST" time="16.135" errors="0">
  <testcase name="validLogin" time="16.135" classname="com.actitime.pom.TestMethod1"/>
  <system-out/>
</testsuite> <!-- com.actitime.pom.TestMethod1 -->
